0 info it worked if it ends with ok
1 verbose cli [ 'node', '/usr/local/bin/npm', 'install', '-g', 'coffee-script' ]
2 info using npm@1.4.28
3 info using node@v0.10.36
4 verbose cache add [ 'coffee-script', null ]
5 verbose cache add name=undefined spec="coffee-script" args=["coffee-script",null]
6 verbose parsed url { protocol: null,
6 verbose parsed url   slashes: null,
6 verbose parsed url   auth: null,
6 verbose parsed url   host: null,
6 verbose parsed url   port: null,
6 verbose parsed url   hostname: null,
6 verbose parsed url   hash: null,
6 verbose parsed url   search: null,
6 verbose parsed url   query: null,
6 verbose parsed url   pathname: 'coffee-script',
6 verbose parsed url   path: 'coffee-script',
6 verbose parsed url   href: 'coffee-script' }
7 silly lockFile ab358269-coffee-script coffee-script
8 verbose lock coffee-script /Users/timothyvoice/.npm/ab358269-coffee-script.lock
9 silly lockFile ab358269-coffee-script coffee-script
10 silly lockFile ab358269-coffee-script coffee-script
11 verbose addNamed [ 'coffee-script', '' ]
12 verbose addNamed [ null, '*' ]
13 silly lockFile 53951495-coffee-script coffee-script@
14 verbose lock coffee-script@ /Users/timothyvoice/.npm/53951495-coffee-script.lock
15 silly addNameRange { name: 'coffee-script', range: '*', hasData: false }
16 verbose request where is /coffee-script
17 verbose request registry https://registry.npmjs.org/
18 verbose request id d65998ddcfbe1777
19 verbose url raw /coffee-script
20 verbose url resolving [ 'https://registry.npmjs.org/', './coffee-script' ]
21 verbose url resolved https://registry.npmjs.org/coffee-script
22 verbose request where is https://registry.npmjs.org/coffee-script
23 info trying registry request attempt 1 at 13:18:18
24 verbose etag "8DE13CQLX0S8S5I23WNBHE8B8"
25 http GET https://registry.npmjs.org/coffee-script
26 http 200 https://registry.npmjs.org/coffee-script
27 silly registry.get cb [ 200,
27 silly registry.get   { date: 'Sat, 07 Feb 2015 18:18:18 GMT',
27 silly registry.get     server: 'CouchDB/1.5.0 (Erlang OTP/R16B03)',
27 silly registry.get     etag: '"BFAFQ6FSBJCIMCUMD8L4RJ9EY"',
27 silly registry.get     'content-type': 'application/json',
27 silly registry.get     'cache-control': 'max-age=60',
27 silly registry.get     'content-length': '34448',
27 silly registry.get     'accept-ranges': 'bytes',
27 silly registry.get     via: '1.1 varnish',
27 silly registry.get     age: '10',
27 silly registry.get     'x-served-by': 'cache-atl6220-ATL',
27 silly registry.get     'x-cache': 'HIT',
27 silly registry.get     'x-cache-hits': '2',
27 silly registry.get     'x-timer': 'S1423333098.485562,VS0,VE0',
27 silly registry.get     vary: 'Accept',
27 silly registry.get     'keep-alive': 'timeout=10, max=50',
27 silly registry.get     connection: 'Keep-Alive' } ]
28 silly addNameRange number 2 { name: 'coffee-script', range: '*', hasData: true }
29 silly addNameRange versions [ 'coffee-script',
29 silly addNameRange   [ '0.7.0',
29 silly addNameRange     '0.7.1',
29 silly addNameRange     '0.7.2',
29 silly addNameRange     '0.9.0',
29 silly addNameRange     '0.9.1',
29 silly addNameRange     '0.9.2',
29 silly addNameRange     '0.9.3',
29 silly addNameRange     '0.9.4',
29 silly addNameRange     '0.9.5',
29 silly addNameRange     '0.9.6',
29 silly addNameRange     '1.0.0',
29 silly addNameRange     '1.0.1',
29 silly addNameRange     '1.1.0',
29 silly addNameRange     '1.1.1',
29 silly addNameRange     '1.1.2',
29 silly addNameRange     '1.1.3',
29 silly addNameRange     '1.2.0',
29 silly addNameRange     '1.3.0',
29 silly addNameRange     '1.3.1',
29 silly addNameRange     '1.3.2',
29 silly addNameRange     '1.3.3',
29 silly addNameRange     '1.4.0',
29 silly addNameRange     '1.5.0',
29 silly addNameRange     '1.6.0',
29 silly addNameRange     '1.6.1',
29 silly addNameRange     '1.6.2',
29 silly addNameRange     '1.6.3',
29 silly addNameRange     '1.7.0',
29 silly addNameRange     '1.7.1',
29 silly addNameRange     '1.8.0',
29 silly addNameRange     '1.9.0' ] ]
30 verbose addNamed [ 'coffee-script', '1.9.0' ]
31 verbose addNamed [ '1.9.0', '1.9.0' ]
32 silly lockFile 479ea950-coffee-script-1-9-0 coffee-script@1.9.0
33 verbose lock coffee-script@1.9.0 /Users/timothyvoice/.npm/479ea950-coffee-script-1-9-0.lock
34 silly lockFile 479ea950-coffee-script-1-9-0 coffee-script@1.9.0
35 silly lockFile 479ea950-coffee-script-1-9-0 coffee-script@1.9.0
36 silly lockFile 53951495-coffee-script coffee-script@
37 silly lockFile 53951495-coffee-script coffee-script@
38 silly resolved [ { name: 'coffee-script',
38 silly resolved     description: 'Unfancy JavaScript',
38 silly resolved     keywords: [ 'javascript', 'language', 'coffeescript', 'compiler' ],
38 silly resolved     author: { name: 'Jeremy Ashkenas' },
38 silly resolved     version: '1.9.0',
38 silly resolved     license: 'MIT',
38 silly resolved     engines: { node: '>=0.8.0' },
38 silly resolved     directories: { lib: './lib/coffee-script' },
38 silly resolved     main: './lib/coffee-script/coffee-script',
38 silly resolved     bin: { coffee: './bin/coffee', cake: './bin/cake' },
38 silly resolved     preferGlobal: true,
38 silly resolved     scripts:
38 silly resolved      { test: 'node ./bin/cake test',
38 silly resolved        'test-harmony': 'node --harmony ./bin/cake test' },
38 silly resolved     homepage: 'http://coffeescript.org',
38 silly resolved     bugs: { url: 'https://github.com/jashkenas/coffeescript/issues' },
38 silly resolved     repository:
38 silly resolved      { type: 'git',
38 silly resolved        url: 'git://github.com/jashkenas/coffeescript.git' },
38 silly resolved     devDependencies:
38 silly resolved      { 'uglify-js': '~2.2',
38 silly resolved        jison: '>=0.2.0',
38 silly resolved        'highlight.js': '~8.0.0',
38 silly resolved        underscore: '~1.5.2',
38 silly resolved        docco: '~0.6.2' },
38 silly resolved     gitHead: 'f7692c92ce61c277a3f9a38c6bdbe712730d040a',
38 silly resolved     _id: 'coffee-script@1.9.0',
38 silly resolved     _shasum: '7492cbbc3f0361cc5d8865aff7237552ff33e1f7',
38 silly resolved     _from: 'coffee-script@',
38 silly resolved     _npmVersion: '1.4.28',
38 silly resolved     _npmUser: { name: 'jashkenas', email: 'jashkenas@gmail.com' },
38 silly resolved     maintainers: [ [Object], [Object] ],
38 silly resolved     dist:
38 silly resolved      { shasum: '7492cbbc3f0361cc5d8865aff7237552ff33e1f7',
38 silly resolved        tarball: 'http://registry.npmjs.org/coffee-script/-/coffee-script-1.9.0.tgz' },
38 silly resolved     _resolved: 'https://registry.npmjs.org/coffee-script/-/coffee-script-1.9.0.tgz',
38 silly resolved     readme: 'ERROR: No README data found!' } ]
39 info install coffee-script@1.9.0 into /usr/local/lib
40 info installOne coffee-script@1.9.0
41 verbose lib/node_modules/coffee-script unbuild
42 verbose tar unpack /Users/timothyvoice/.npm/coffee-script/1.9.0/package.tgz
43 silly lockFile 865d9b08-l-lib-node-modules-coffee-script tar:///usr/local/lib/node_modules/coffee-script
44 verbose lock tar:///usr/local/lib/node_modules/coffee-script /Users/timothyvoice/.npm/865d9b08-l-lib-node-modules-coffee-script.lock
45 silly lockFile 0b55210b--coffee-script-1-9-0-package-tgz tar:///Users/timothyvoice/.npm/coffee-script/1.9.0/package.tgz
46 verbose lock tar:///Users/timothyvoice/.npm/coffee-script/1.9.0/package.tgz /Users/timothyvoice/.npm/0b55210b--coffee-script-1-9-0-package-tgz.lock
47 silly gunzTarPerm modes [ '755', '644' ]
48 error Error: EACCES, mkdir '/usr/local/lib/node_modules/coffee-script'
48 error  { [Error: EACCES, mkdir '/usr/local/lib/node_modules/coffee-script']
48 error   errno: 3,
48 error   code: 'EACCES',
48 error   path: '/usr/local/lib/node_modules/coffee-script',
48 error   fstream_type: 'Directory',
48 error   fstream_path: '/usr/local/lib/node_modules/coffee-script',
48 error   fstream_class: 'DirWriter',
48 error   fstream_stack:
48 error    [ '/usr/local/lib/node_modules/npm/node_modules/fstream/lib/dir-writer.js:36:23',
48 error      '/usr/local/lib/node_modules/npm/node_modules/mkdirp/index.js:46:53',
48 error      'Object.oncomplete (fs.js:108:15)' ] }
49 error Please try running this command again as root/Administrator.
50 error System Darwin 14.1.0
51 error command "node" "/usr/local/bin/npm" "install" "-g" "coffee-script"
52 error cwd /Users/timothyvoice/code/timvoice
53 error node -v v0.10.36
54 error npm -v 1.4.28
55 error path /usr/local/lib/node_modules/coffee-script
56 error fstream_path /usr/local/lib/node_modules/coffee-script
57 error fstream_type Directory
58 error fstream_class DirWriter
59 error code EACCES
60 error errno 3
61 error stack Error: EACCES, mkdir '/usr/local/lib/node_modules/coffee-script'
62 error fstream_stack /usr/local/lib/node_modules/npm/node_modules/fstream/lib/dir-writer.js:36:23
62 error fstream_stack /usr/local/lib/node_modules/npm/node_modules/mkdirp/index.js:46:53
62 error fstream_stack Object.oncomplete (fs.js:108:15)
63 verbose exit [ 3, true ]
